[20/May/2020:01:45:16] (ℹ️): WordPress Instance Info:
[20/May/2020:01:45:16] (ℹ️): Home URL : https://radiosaidasuatenda.com
[20/May/2020:01:45:16] (ℹ️): Site URL : https://radiosaidasuatenda.com
[20/May/2020:01:45:16] (ℹ️): WordPress Version : 5.4.1
[20/May/2020:01:45:16] (ℹ️): Onboarding Version : 1.8.2
[20/May/2020:01:45:16] (ℹ️): Multisite : No
[20/May/2020:01:45:16] (ℹ️): Server Info : Apache/2.2.29 (Gentoo) mod_dp/0.99.7 PHP/7.1.26
[20/May/2020:01:45:16] (ℹ️): PHP Version : 7.1.26
[20/May/2020:01:45:16] (ℹ️): HTTPS : Yes
[20/May/2020:01:45:16] (ℹ️): PHP Max Execution Time : 10
[20/May/2020:01:45:16] (ℹ️): PHP Max Input Vars : 1000
[20/May/2020:01:45:16] (ℹ️): Max Upload Size : 67108864
[20/May/2020:01:45:16] (ℹ️): Plugins:
[20/May/2020:01:45:16] (ℹ️): [PLUGIN] Admin Custom Login : v3.1.5 (Weblizar)
[20/May/2020:01:45:16] (ℹ️): [PLUGIN] Cloudflare Flexible SSL : v1.3.0 (One Dollar Plugin)
[20/May/2020:01:45:16] (ℹ️): [PLUGIN] Html5 Video Player : v1.4 (bPlugins)
[20/May/2020:01:45:16] (ℹ️): [PLUGIN] Jetpack por WordPress.com : v8.5 (Automattic)
[20/May/2020:01:45:16] (ℹ️): [PLUGIN] Really Simple SSL : v3.3.3 (Rogier Lankhorst, Mark Wolters)
[20/May/2020:01:45:16] (ℹ️): [PLUGIN] SSL Insecure Content Fixer : v2.7.2 (WebAware)
[20/May/2020:01:45:16] (ℹ️): [PLUGIN] Orbit Fox Companion : v2.9.8 (Themeisle)
[20/May/2020:01:45:16] (ℹ️): [PLUGIN] WPS Hide Login : v1.5.6 (WPServeur, NicolasKulka, tabrisrp)
